   phi    psi  energy
-180.0 -180.0 34.4875
-180.0 -170.0 35.3369
-180.0 -160.0 33.9243
-180.0 -150.0 35.9575
-180.0 -140.0 41.9902
-180.0 -130.0 44.9961
-180.0 -120.0 41.4231
-180.0 -110.0 29.9293
-180.0 -100.0 27.6704
-180.0  -90.0 26.5210
-180.0  -80.0 26.5164
-180.0  -70.0 27.4846
-180.0  -60.0 29.4367
-180.0  -50.0 26.9248
-180.0  -40.0 23.4172
-180.0  -30.0 19.6566
-180.0  -20.0 16.8789
-180.0  -10.0 15.0077
-180.0    0.0 13.5533
-180.0   10.0 14.1250
-180.0   20.0 15.5742
-180.0   30.0 17.7082
-180.0   40.0 15.4520
-180.0   50.0 15.9523
-180.0   60.0 15.4370
-180.0   70.0 15.6300
-180.0   80.0 18.1279
-180.0   90.0 20.3187
-180.0  100.0 24.3478
-180.0  110.0 28.1543
-180.0  120.0 33.4919
-180.0  130.0 38.3534
-180.0  140.0 32.0321
-180.0  150.0 29.1377
-180.0  160.0 29.5949
-180.0  170.0 31.3952
-170.0 -180.0 38.1967
-170.0 -170.0 36.5818
-170.0 -160.0 36.2074
-170.0 -150.0 38.4230
-170.0 -140.0 45.1080
-170.0 -130.0 46.4825
-170.0 -120.0 37.1729
-170.0 -110.0 32.0177
-170.0 -100.0 30.7982
-170.0  -90.0 30.7120
-170.0  -80.0 31.6522
-170.0  -70.0 33.4067
-170.0  -60.0 31.0194
-170.0  -50.0 28.6454
-170.0  -40.0 25.0192
-170.0  -30.0 21.7058
-170.0  -20.0 19.2263
-170.0  -10.0 16.6458
-170.0    0.0 16.3367
-170.0   10.0 15.6753
-170.0   20.0 18.0825
-170.0   30.0 14.2803
-170.0   40.0 14.4680
-170.0   50.0 14.6542
-170.0   60.0 15.4858
-170.0   70.0 16.1548
-170.0   80.0 18.1861
-170.0   90.0 21.1714
-170.0  100.0 25.9281
-170.0  110.0 30.9703
-170.0  120.0 37.3182
-170.0  130.0 34.6833
-170.0  140.0 31.6565
-170.0  150.0 31.8767
-170.0  160.0 33.5713
-170.0  170.0 36.1938
-160.0 -180.0 39.1200
-160.0 -170.0 38.5110
-160.0 -160.0 38.6413
-160.0 -150.0 43.8420
-160.0 -140.0 47.7697
-160.0 -130.0 45.3949
-160.0 -120.0 39.2610
-160.0 -110.0 35.8383
-160.0 -100.0 35.6097
-160.0  -90.0 36.5558
-160.0  -80.0 38.5101
-160.0  -70.0 36.0818
-160.0  -60.0 33.4686
-160.0  -50.0 31.5850
-160.0  -40.0 28.3690
-160.0  -30.0 25.1435
-160.0  -20.0 21.3859
-160.0  -10.0 20.1289
-160.0    0.0 19.9597
-160.0   10.0 18.2718
-160.0   20.0 15.1822
-160.0   30.0 13.1156
-160.0   40.0 16.1406
-160.0   50.0 15.6833
-160.0   60.0 16.4958
-160.0   70.0 15.4776
-160.0   80.0 17.4398
-160.0   90.0 24.9423
-160.0  100.0 29.0091
-160.0  110.0 36.0464
-160.0  120.0 36.8127
-160.0  130.0 35.0849
-160.0  140.0 36.9330
-160.0  150.0 36.6273
-160.0  160.0 40.7054
-160.0  170.0 43.1918
-150.0 -180.0 41.8479
-150.0 -170.0 42.0472
-150.0 -160.0 44.6240
-150.0 -150.0 47.7080
-150.0 -140.0 52.8730
-150.0 -130.0 45.5788
-150.0 -120.0 41.4226
-150.0 -110.0 41.1636
-150.0 -100.0 42.2051
-150.0  -90.0 44.2596
-150.0  -80.0 42.4882
-150.0  -70.0 39.3720
-150.0  -60.0 37.1376
-150.0  -50.0 35.7915
-150.0  -40.0 32.7283
-150.0  -30.0 27.9085
-150.0  -20.0 25.5933
-150.0  -10.0 24.3368
-150.0    0.0 23.2099
-150.0   10.0 17.7217
-150.0   20.0 15.4483
-150.0   30.0 17.6886
-150.0   40.0 18.2315
-150.0   50.0 12.7497
-150.0   60.0 13.0430
-150.0   70.0 15.1135
-150.0   80.0 19.5012
-150.0   90.0 29.7853
-150.0  100.0 36.0587
-150.0  110.0 38.8778
-150.0  120.0 39.5618
-150.0  130.0 38.5694
-150.0  140.0 42.4694
-150.0  150.0 43.1265
-150.0  160.0 47.6682
-150.0  170.0 43.4280
-140.0 -180.0 45.7069
-140.0 -170.0 45.6142
-140.0 -160.0 55.6478
-140.0 -150.0 52.8666
-140.0 -140.0 51.6797
-140.0 -130.0 49.7382
-140.0 -120.0 47.1171
-140.0 -110.0 48.2096
-140.0 -100.0 50.5646
-140.0  -90.0 53.2808
-140.0  -80.0 46.0705
-140.0  -70.0 43.5495
-140.0  -60.0 41.9267
-140.0  -50.0 41.1255
-140.0  -40.0 35.3637
-140.0  -30.0 30.9679
-140.0  -20.0 27.1329
-140.0  -10.0 23.9242
-140.0    0.0 21.9979
-140.0   10.0 19.0665
-140.0   20.0 20.2197
-140.0   30.0 21.0876
-140.0   40.0 14.3515
-140.0   50.0 14.4177
-140.0   60.0 16.0326
-140.0   70.0 19.5393
-140.0   80.0 24.9508
-140.0   90.0 37.7120
-140.0  100.0 39.5659
-140.0  110.0 40.6169
-140.0  120.0 41.9510
-140.0  130.0 45.9432
-140.0  140.0 49.3060
-140.0  150.0 53.3532
-140.0  160.0 48.6774
-140.0  170.0 46.4150
-130.0 -180.0 50.2550
-130.0 -170.0 52.7821
-130.0 -160.0 60.0383
-130.0 -150.0 59.8441
-130.0 -140.0 60.4328
-130.0 -130.0 52.9279
-130.0 -120.0 54.1410
-130.0 -110.0 56.6979
-130.0 -100.0 60.0225
-130.0  -90.0 52.6930
-130.0  -80.0 50.1100
-130.0  -70.0 48.3863
-130.0  -60.0 47.4271
-130.0  -50.0 41.6515
-130.0  -40.0 35.2401
-130.0  -30.0 29.7361
-130.0  -20.0 26.8080
-130.0  -10.0 22.5817
-130.0    0.0 21.7108
-130.0   10.0 23.0012
-130.0   20.0 23.5494
-130.0   30.0 17.5067
-130.0   40.0 17.0353
-130.0   50.0 18.1325
-130.0   60.0 20.9124
-130.0   70.0 25.4013
-130.0   80.0 31.9341
-130.0   90.0 36.5463
-130.0  100.0 40.4650
-130.0  110.0 44.0646
-130.0  120.0 47.5122
-130.0  130.0 50.6878
-130.0  140.0 56.0639
-130.0  150.0 53.8747
-130.0  160.0 51.3796
-130.0  170.0 50.1737
-120.0 -180.0 55.4007
-120.0 -170.0 56.0023
-120.0 -160.0 59.4452
-120.0 -150.0 61.2081
-120.0 -140.0 63.5096
-120.0 -130.0 59.3648
-120.0 -120.0 62.3387
-120.0 -110.0 66.1463
-120.0 -100.0 58.1513
-120.0  -90.0 55.7484
-120.0  -80.0 54.0832
-120.0  -70.0 53.1882
-120.0  -60.0 45.4124
-120.0  -50.0 33.6741
-120.0  -40.0 29.4146
-120.0  -30.0 25.3423
-120.0  -20.0 23.9221
-120.0  -10.0 23.4592
-120.0    0.0 25.0042
-120.0   10.0 25.6100
-120.0   20.0 20.4339
-120.0   30.0 19.8697
-120.0   40.0 20.7172
-120.0   50.0 23.0449
-120.0   60.0 26.9897
-120.0   70.0 33.7981
-120.0   80.0 33.8768
-120.0   90.0 40.2024
-120.0  100.0 46.2837
-120.0  110.0 50.1230
-120.0  120.0 55.0389
-120.0  130.0 61.1121
-120.0  140.0 57.6977
-120.0  150.0 55.3621
-120.0  160.0 54.2390
-120.0  170.0 53.9928
-110.0 -180.0 54.9099
-110.0 -170.0 58.2886
-110.0 -160.0 59.6842
-110.0 -150.0 62.3057
-110.0 -140.0 62.0262
-110.0 -130.0 65.8645
-110.0 -120.0 69.9153
-110.0 -110.0 59.8743
-110.0 -100.0 58.3947
-110.0  -90.0 57.4817
-110.0  -80.0 57.1333
-110.0  -70.0 37.9909
-110.0  -60.0 32.7377
-110.0  -50.0 28.4695
-110.0  -40.0 25.5159
-110.0  -30.0 23.9239
-110.0  -20.0 23.6091
-110.0  -10.0 24.0421
-110.0    0.0 26.1473
-110.0   10.0 28.8543
-110.0   20.0 21.6598
-110.0   30.0 22.7283
-110.0   40.0 24.5760
-110.0   50.0 27.6578
-110.0   60.0 32.2248
-110.0   70.0 33.8557
-110.0   80.0 39.0409
-110.0   90.0 44.1806
-110.0  100.0 50.0112
-110.0  110.0 51.0855
-110.0  120.0 63.9205
-110.0  130.0 58.9809
-110.0  140.0 57.0224
-110.0  150.0 56.2702
-110.0  160.0 56.1798
-110.0  170.0 55.6541
-100.0 -180.0 53.1380
-100.0 -170.0 56.7420
-100.0 -160.0 60.0647
-100.0 -150.0 63.3292
-100.0 -140.0 65.5195
-100.0 -130.0 67.7022
-100.0 -120.0 59.0146
-100.0 -110.0 58.5239
-100.0 -100.0 58.2644
-100.0  -90.0 58.4999
-100.0  -80.0 37.4754
-100.0  -70.0 32.5792
-100.0  -60.0 28.5482
-100.0  -50.0 25.5713
-100.0  -40.0 23.7760
-100.0  -30.0 23.1544
-100.0  -20.0 23.2831
-100.0  -10.0 23.5016
-100.0    0.0 25.2124
-100.0   10.0 21.9004
-100.0   20.0 22.7437
-100.0   30.0 23.4091
-100.0   40.0 24.5608
-100.0   50.0 21.6207
-100.0   60.0 32.7807
-100.0   70.0 37.4845
-100.0   80.0 44.1568
-100.0   90.0 49.9093
-100.0  100.0 55.6739
-100.0  110.0 57.3658
-100.0  120.0 58.0062
-100.0  130.0 56.9650
-100.0  140.0 55.9689
-100.0  150.0 56.3374
-100.0  160.0 56.4933
-100.0  170.0 53.0182
 -90.0 -180.0 51.4174
 -90.0 -170.0 55.2220
 -90.0 -160.0 59.2878
 -90.0 -150.0 62.2255
 -90.0 -140.0 57.3650
 -90.0 -130.0 57.0327
 -90.0 -120.0 56.9441
 -90.0 -110.0 57.2787
 -90.0 -100.0 57.8603
 -90.0  -90.0 36.5815
 -90.0  -80.0 31.8962
 -90.0  -70.0 28.1103
 -90.0  -60.0 25.4359
 -90.0  -50.0 23.6466
 -90.0  -40.0 22.6867
 -90.0  -30.0 22.3114
 -90.0  -20.0 20.6810
 -90.0  -10.0 19.8055
 -90.0    0.0 21.0986
 -90.0   10.0 20.3979
 -90.0   20.0 20.2835
 -90.0   30.0 21.8987
 -90.0   40.0 17.3787
 -90.0   50.0 30.3740
 -90.0   60.0 35.3873
 -90.0   70.0 40.7783
 -90.0   80.0 47.1897
 -90.0   90.0 52.4707
 -90.0  100.0 53.4007
 -90.0  110.0 53.9612
 -90.0  120.0 54.8860
 -90.0  130.0 54.8027
 -90.0  140.0 54.7143
 -90.0  150.0 55.7192
 -90.0  160.0 49.8202
 -90.0  170.0 49.8712
 -80.0 -180.0 51.1468
 -80.0 -170.0 52.4521
 -80.0 -160.0 57.2114
 -80.0 -150.0 53.7043
 -80.0 -140.0 53.8619
 -80.0 -130.0 54.2508
 -80.0 -120.0 54.7246
 -80.0 -110.0 55.5761
 -80.0 -100.0 35.3822
 -80.0  -90.0 32.3952
 -80.0  -80.0 27.1012
 -80.0  -70.0 24.6710
 -80.0  -60.0 23.2871
 -80.0  -50.0 22.3576
 -80.0  -40.0 21.5812
 -80.0  -30.0 19.3881
 -80.0  -20.0 18.2598
 -80.0  -10.0 17.6477
 -80.0    0.0 17.3450
 -80.0   10.0 18.2241
 -80.0   20.0 14.6672
 -80.0   30.0 13.9433
 -80.0   40.0 17.1764
 -80.0   50.0 21.9958
 -80.0   60.0 28.3680
 -80.0   70.0 43.1133
 -80.0   80.0 47.9748
 -80.0   90.0 46.6547
 -80.0  100.0 48.3345
 -80.0  110.0 50.0667
 -80.0  120.0 50.2891
 -80.0  130.0 50.6978
 -80.0  140.0 52.0147
 -80.0  150.0 46.1994
 -80.0  160.0 45.7603
 -80.0  170.0 46.7960
 -70.0 -180.0 45.3558
 -70.0 -170.0 47.1631
 -70.0 -160.0 48.4337
 -70.0 -150.0 49.2053
 -70.0 -140.0 50.2620
 -70.0 -130.0 51.2984
 -70.0 -120.0 52.3285
 -70.0 -110.0 34.4205
 -70.0 -100.0 29.6551
 -70.0  -90.0 25.8851
 -70.0  -80.0 23.4391
 -70.0  -70.0 22.2304
 -70.0  -60.0 21.9255
 -70.0  -50.0 21.1157
 -70.0  -40.0 18.2971
 -70.0  -30.0 16.9441
 -70.0  -20.0 16.1365
 -70.0  -10.0 15.6652
 -70.0    0.0 16.2701
 -70.0   10.0 17.1757
 -70.0   20.0 10.8184
 -70.0   30.0 13.4499
 -70.0   40.0 17.6375
 -70.0   50.0 23.2760
 -70.0   60.0 37.4646
 -70.0   70.0 34.2736
 -70.0   80.0 38.2223
 -70.0   90.0 40.0604
 -70.0  100.0 42.7730
 -70.0  110.0 45.7886
 -70.0  120.0 45.6391
 -70.0  130.0 46.5053
 -70.0  140.0 42.1914
 -70.0  150.0 41.5851
 -70.0  160.0 41.8905
 -70.0  170.0 43.7693
 -60.0 -180.0 40.3560
 -60.0 -170.0 42.4021
 -60.0 -160.0 43.8106
 -60.0 -150.0 45.0584
 -60.0 -140.0 47.1244
 -60.0 -130.0 48.8995
 -60.0 -120.0 50.3976
 -60.0 -110.0 29.1100
 -60.0 -100.0 25.2906
 -60.0  -90.0 22.3974
 -60.0  -80.0 21.0149
 -60.0  -70.0 20.9182
 -60.0  -60.0 20.7653
 -60.0  -50.0 17.5870
 -60.0  -40.0 15.9990
 -60.0  -30.0 14.8789
 -60.0  -20.0 14.3107
 -60.0  -10.0 14.2161
 -60.0    0.0 15.5973
 -60.0   10.0  8.0533
 -60.0   20.0 10.0947
 -60.0   30.0 13.6641
 -60.0   40.0 18.6027
 -60.0   50.0 30.4758
 -60.0   60.0 28.9630
 -60.0   70.0 30.0397
 -60.0   80.0 31.4570
 -60.0   90.0 33.9399
 -60.0  100.0 37.7614
 -60.0  110.0 41.4675
 -60.0  120.0 42.6529
 -60.0  130.0 37.6402
 -60.0  140.0 36.7438
 -60.0  150.0 36.5487
 -60.0  160.0 37.2723
 -60.0  170.0 38.3676
 -50.0 -180.0 36.2166
 -50.0 -170.0 38.1327
 -50.0 -160.0 39.6472
 -50.0 -150.0 41.6810
 -50.0 -140.0 44.6532
 -50.0 -130.0 47.6889
 -50.0 -120.0 28.9490
 -50.0 -110.0 25.2158
 -50.0 -100.0 22.3272
 -50.0  -90.0 20.4401
 -50.0  -80.0 19.9512
 -50.0  -70.0 20.5587
 -50.0  -60.0 17.5706
 -50.0  -50.0 15.6687
 -50.0  -40.0 14.1628
 -50.0  -30.0 13.1851
 -50.0  -20.0 12.8882
 -50.0  -10.0 13.7061
 -50.0    0.0  5.7630
 -50.0   10.0  7.2926
 -50.0   20.0 10.2395
 -50.0   30.0 25.2098
 -50.0   40.0 24.4368
 -50.0   50.0 23.2272
 -50.0   60.0 22.9302
 -50.0   70.0 23.6157
 -50.0   80.0 25.5727
 -50.0   90.0 28.6951
 -50.0  100.0 33.4233
 -50.0  110.0 38.2628
 -50.0  120.0 33.2224
 -50.0  130.0 32.6370
 -50.0  140.0 32.0421
 -50.0  150.0 32.1830
 -50.0  160.0 32.7400
 -50.0  170.0 34.1073
 -40.0 -180.0 32.7321
 -40.0 -170.0 34.3890
 -40.0 -160.0 36.3436
 -40.0 -150.0 39.2253
 -40.0 -140.0 43.2132
 -40.0 -130.0 28.7198
 -40.0 -120.0 25.6217
 -40.0 -110.0 22.7827
 -40.0 -100.0 20.7920
 -40.0  -90.0 19.8609
 -40.0  -80.0 20.1380
 -40.0  -70.0 20.1013
 -40.0  -60.0 15.7455
 -40.0  -50.0 14.2142
 -40.0  -40.0 12.8025
 -40.0  -30.0 11.9885
 -40.0  -20.0 12.2883
 -40.0  -10.0  3.9157
 -40.0    0.0  4.8990
 -40.0   10.0  7.4820
 -40.0   20.0 19.5285
 -40.0   30.0 19.6094
 -40.0   40.0 18.2267
 -40.0   50.0 17.0296
 -40.0   60.0 16.9020
 -40.0   70.0 18.1189
 -40.0   80.0 20.7930
 -40.0   90.0 24.6224
 -40.0  100.0 30.0828
 -40.0  110.0 35.0384
 -40.0  120.0 29.2856
 -40.0  130.0 28.4886
 -40.0  140.0 28.1663
 -40.0  150.0 28.5120
 -40.0  160.0 29.2443
 -40.0  170.0 30.8021
 -30.0 -180.0 29.7144
 -30.0 -170.0 31.5143
 -30.0 -160.0 34.1563
 -30.0 -150.0 38.0073
 -30.0 -140.0 28.2681
 -30.0 -130.0 25.6178
 -30.0 -120.0 23.4012
 -30.0 -110.0 21.6154
 -30.0 -100.0 20.6250
 -30.0  -90.0 20.5035
 -30.0  -80.0 20.9281
 -30.0  -70.0 19.3310
 -30.0  -60.0 14.7163
 -30.0  -50.0 13.1652
 -30.0  -40.0 11.8697
 -30.0  -30.0 11.4784
 -30.0  -20.0 12.3426
 -30.0  -10.0 10.8228
 -30.0    0.0 13.0663
 -30.0   10.0 15.2580
 -30.0   20.0 15.8123
 -30.0   30.0 14.6195
 -30.0   40.0 12.8896
 -30.0   50.0 11.8008
 -30.0   60.0 12.1242
 -30.0   70.0 14.0103
 -30.0   80.0 17.3744
 -30.0   90.0 22.2620
 -30.0  100.0 27.7540
 -30.0  110.0 26.6204
 -30.0  120.0 25.7996
 -30.0  130.0 25.1544
 -30.0  140.0 25.2265
 -30.0  150.0 25.7289
 -30.0  160.0 26.6258
 -30.0  170.0 28.0713
 -20.0 -180.0 27.2641
 -20.0 -170.0 29.5503
 -20.0 -160.0 33.0971
 -20.0 -150.0 30.1272
 -20.0 -140.0 25.2445
 -20.0 -130.0 23.6125
 -20.0 -120.0 22.3064
 -20.0 -110.0 21.5821
 -20.0 -100.0 21.4652
 -20.0  -90.0 21.7854
 -20.0  -80.0 21.5699
 -20.0  -70.0 18.5555
 -20.0  -60.0 13.9481
 -20.0  -50.0 12.5383
 -20.0  -40.0 11.4765
 -20.0  -30.0 11.5647
 -20.0  -20.0 11.7291
 -20.0  -10.0 10.2965
 -20.0    0.0 12.1282
 -20.0   10.0 13.1407
 -20.0   20.0 12.4094
 -20.0   30.0 10.4477
 -20.0   40.0  8.5387
 -20.0   50.0  7.8520
 -20.0   60.0  8.7485
 -20.0   70.0 11.3812
 -20.0   80.0 15.6460
 -20.0   90.0 21.1935
 -20.0  100.0 24.2086
 -20.0  110.0 23.7336
 -20.0  120.0 22.9720
 -20.0  130.0 22.6627
 -20.0  140.0 23.1761
 -20.0  150.0 25.2426
 -20.0  160.0 24.6282
 -20.0  170.0 25.8045
 -10.0 -180.0 25.6625
 -10.0 -170.0 28.6286
 -10.0 -160.0 27.2812
 -10.0 -150.0 24.1634
 -10.0 -140.0 23.2585
 -10.0 -130.0 22.4044
 -10.0 -120.0 22.1757
 -10.0 -110.0 22.2080
 -10.0 -100.0 22.5166
 -10.0  -90.0 22.8833
 -10.0  -80.0 20.8867
 -10.0  -70.0 17.8475
 -10.0  -60.0 14.1111
 -10.0  -50.0 12.1475
 -10.0  -40.0 10.9254
 -10.0  -30.0 10.4207
 -10.0  -20.0 10.1922
 -10.0  -10.0  9.7756
 -10.0    0.0 11.1039
 -10.0   10.0 10.9554
 -10.0   20.0  9.1421
 -10.0   30.0  6.6757
 -10.0   40.0  5.1038
 -10.0   50.0  5.0338
 -10.0   60.0  6.8039
 -10.0   70.0 10.2891
 -10.0   80.0 15.5304
 -10.0   90.0 20.6210
 -10.0  100.0 21.9201
 -10.0  110.0 21.3729
 -10.0  120.0 20.7752
 -10.0  130.0 20.9687
 -10.0  140.0 22.6901
 -10.0  150.0 23.6750
 -10.0  160.0 22.8823
 -10.0  170.0 23.9311
   0.0 -180.0 24.8576
   0.0 -170.0 23.0758
   0.0 -160.0 22.3545
   0.0 -150.0 22.0265
   0.0 -140.0 21.8584
   0.0 -130.0 21.7439
   0.0 -120.0 21.9595
   0.0 -110.0 22.3885
   0.0 -100.0 22.9450
   0.0  -90.0 22.1283
   0.0  -80.0 19.4369
   0.0  -70.0 16.0785
   0.0  -60.0 12.8586
   0.0  -50.0 10.2636
   0.0  -40.0  8.4856
   0.0  -30.0  7.6618
   0.0  -20.0  8.1876
   0.0  -10.0  9.2072
   0.0    0.0  9.5188
   0.0   10.0  8.1767
   0.0   20.0  5.7992
   0.0   30.0  3.6072
   0.0   40.0  2.7841
   0.0   50.0  3.6134
   0.0   60.0  6.4333
   0.0   70.0 10.7714
   0.0   80.0 15.9871
   0.0   90.0 18.7206
   0.0  100.0 19.7741
   0.0  110.0 19.3139
   0.0  120.0 19.2047
   0.0  130.0 19.8160
   0.0  140.0 21.5818
   0.0  150.0 22.2725
   0.0  160.0 21.4923
   0.0  170.0 22.6344
  10.0 -180.0 20.4208
  10.0 -170.0 20.0001
  10.0 -160.0 20.0440
  10.0 -150.0 20.4157
  10.0 -140.0 20.6185
  10.0 -130.0 21.0154
  10.0 -120.0 21.3845
  10.0 -110.0 21.8480
  10.0 -100.0 22.1379
  10.0  -90.0 20.1179
  10.0  -80.0 17.0398
  10.0  -70.0 13.6869
  10.0  -60.0 10.9552
  10.0  -50.0  9.0124
  10.0  -40.0  7.6899
  10.0  -30.0  7.2809
  10.0  -20.0  7.5019
  10.0  -10.0  7.7651
  10.0    0.0  6.9477
  10.0   10.0  5.0264
  10.0   20.0  2.9568
  10.0   30.0  1.6071
  10.0   40.0  1.7605
  10.0   50.0  3.7970
  10.0   60.0  7.5941
  10.0   70.0 11.6200
  10.0   80.0 14.7026
  10.0   90.0 16.9879
  10.0  100.0 17.5622
  10.0  110.0 17.6278
  10.0  120.0 18.0868
  10.0  130.0 19.5178
  10.0  140.0 20.4648
  10.0  150.0 19.7683
  10.0  160.0 20.4721
  10.0  170.0 20.9909
  20.0 -180.0 17.7007
  20.0 -170.0 17.8474
  20.0 -160.0 18.3681
  20.0 -150.0 19.0627
  20.0 -140.0 19.5704
  20.0 -130.0 19.8504
  20.0 -120.0 20.2762
  20.0 -110.0 20.8119
  20.0 -100.0 20.1651
  20.0  -90.0 17.7081
  20.0  -80.0 14.6539
  20.0  -70.0 11.8913
  20.0  -60.0  9.8216
  20.0  -50.0  8.5885
  20.0  -40.0  7.4717
  20.0  -30.0  6.8436
  20.0  -20.0  6.3925
  20.0  -10.0  5.6271
  20.0    0.0  4.1956
  20.0   10.0  2.5154
  20.0   20.0  1.3205
  20.0   30.0  1.0380
  20.0   40.0  2.2960
  20.0   50.0  5.2668
  20.0   60.0  7.8865
  20.0   70.0 10.7527
  20.0   80.0 13.3059
  20.0   90.0 14.7044
  20.0  100.0 15.3803
  20.0  110.0 16.1577
  20.0  120.0 17.0275
  20.0  130.0 18.7006
  20.0  140.0 19.7682
  20.0  150.0 19.1602
  20.0  160.0 18.7226
  20.0  170.0 18.0309
  30.0 -180.0 15.8924
  30.0 -170.0 16.4579
  30.0 -160.0 17.4021
  30.0 -150.0 18.1975
  30.0 -140.0 18.5905
  30.0 -130.0 18.7955
  30.0 -120.0 19.4349
  30.0 -110.0 19.2336
  30.0 -100.0 18.0004
  30.0  -90.0 15.4267
  30.0  -80.0 12.9947
  30.0  -70.0 11.0086
  30.0  -60.0  9.7706
  30.0  -50.0  8.5790
  30.0  -40.0  7.3596
  30.0  -30.0  6.2056
  30.0  -20.0  5.0919
  30.0  -10.0  3.7445
  30.0    0.0  2.3416
  30.0   10.0  1.1918
  30.0   20.0  0.8548
  30.0   30.0  1.4940
  30.0   40.0  2.9316
  30.0   50.0  4.6632
  30.0   60.0  6.9495
  30.0   70.0  9.4014
  30.0   80.0 11.6090
  30.0   90.0 12.3238
  30.0  100.0 13.2264
  30.0  110.0 14.3527
  30.0  120.0 15.9321
  30.0  130.0 18.1604
  30.0  140.0 18.3960
  30.0  150.0 17.6275
  30.0  160.0 16.5697
  30.0  170.0 15.9102
  40.0 -180.0 15.2374
  40.0 -170.0 16.0236
  40.0 -160.0 17.0440
  40.0 -150.0 17.5409
  40.0 -140.0 17.9861
  40.0 -130.0 18.6387
  40.0 -120.0 18.9344
  40.0 -110.0 17.7015
  40.0 -100.0 16.3311
  40.0  -90.0 14.1363
  40.0  -80.0 12.3955
  40.0  -70.0 11.2679
  40.0  -60.0 10.5029
  40.0  -50.0  9.1340
  40.0  -40.0  7.5219
  40.0  -30.0  5.7973
  40.0  -20.0  4.0734
  40.0  -10.0  2.4631
  40.0    0.0  1.2059
  40.0   10.0  0.5650
  40.0   20.0  0.3857
  40.0   30.0  1.0456
  40.0   40.0  2.2771
  40.0   50.0  4.1692
  40.0   60.0  6.2550
  40.0   70.0  8.0650
  40.0   80.0  9.0700
  40.0   90.0 10.0747
  40.0  100.0 11.2387
  40.0  110.0 13.1041
  40.0  120.0 15.8699
  40.0  130.0 17.9735
  40.0  140.0 17.4744
  40.0  150.0 16.3597
  40.0  160.0 15.2418
  40.0  170.0 14.8094
  50.0 -180.0 15.5475
  50.0 -170.0 16.5496
  50.0 -160.0 17.2811
  50.0 -150.0 17.8014
  50.0 -140.0 18.7054
  50.0 -130.0 19.1996
  50.0 -120.0 18.2265
  50.0 -110.0 17.0060
  50.0 -100.0 15.7066
  50.0  -90.0 14.2938
  50.0  -80.0 13.2559
  50.0  -70.0 12.6422
  50.0  -60.0 12.3700
  50.0  -50.0 10.2449
  50.0  -40.0  8.2430
  50.0  -30.0  5.8985
  50.0  -20.0  3.7183
  50.0  -10.0  1.8492
  50.0    0.0  0.5987
  50.0   10.0  0.0000
  50.0   20.0  0.0675
  50.0   30.0  0.7421
  50.0   40.0  1.9797
  50.0   50.0  3.5981
  50.0   60.0  5.2039
  50.0   70.0  6.4981
  50.0   80.0  7.3719
  50.0   90.0  8.3657
  50.0  100.0 10.5675
  50.0  110.0 13.2485
  50.0  120.0 16.3270
  50.0  130.0 17.8431
  50.0  140.0 17.2885
  50.0  150.0 16.0272
  50.0  160.0 15.0970
  50.0  170.0 14.9879
  60.0 -180.0 17.0916
  60.0 -170.0 18.0216
  60.0 -160.0 18.4795
  60.0 -150.0 19.3174
  60.0 -140.0 20.3520
  60.0 -130.0 19.5604
  60.0 -120.0 18.2790
  60.0 -110.0 17.1394
  60.0 -100.0 16.3527
  60.0  -90.0 15.5860
  60.0  -80.0 15.1714
  60.0  -70.0 15.0327
  60.0  -60.0 14.2691
  60.0  -50.0 11.9791
  60.0  -40.0  9.3721
  60.0  -30.0  6.5033
  60.0  -20.0  3.8446
  60.0  -10.0  1.8453
  60.0    0.0  0.6448
  60.0   10.0  0.2540
  60.0   20.0  0.4382
  60.0   30.0  1.1309
  60.0   40.0  2.2236
  60.0   50.0  3.3221
  60.0   60.0  4.4975
  60.0   70.0  5.3100
  60.0   80.0  6.5342
  60.0   90.0  8.6155
  60.0  100.0 11.4598
  60.0  110.0 15.0170
  60.0  120.0 18.0713
  60.0  130.0 18.9478
  60.0  140.0 18.1377
  60.0  150.0 16.8727
  60.0  160.0 16.2848
  60.0  170.0 16.3880
  70.0 -180.0 19.7674
  70.0 -170.0 20.3430
  70.0 -160.0 20.8723
  70.0 -150.0 21.9995
  70.0 -140.0 21.9030
  70.0 -130.0 20.6383
  70.0 -120.0 18.9495
  70.0 -110.0 18.3219
  70.0 -100.0 18.3034
  70.0  -90.0 18.2350
  70.0  -80.0 18.0542
  70.0  -70.0 18.1705
  70.0  -60.0 16.8169
  70.0  -50.0 13.9429
  70.0  -40.0 10.4679
  70.0  -30.0  7.0874
  70.0  -20.0  4.2925
  70.0  -10.0  2.4074
  70.0    0.0  1.4547
  70.0   10.0  1.3620
  70.0   20.0  1.6755
  70.0   30.0  2.3110
  70.0   40.0  3.0885
  70.0   50.0  3.7453
  70.0   60.0  4.4754
  70.0   70.0  5.7075
  70.0   80.0  7.5304
  70.0   90.0 10.2735
  70.0  100.0 14.0911
  70.0  110.0 18.0830
  70.0  120.0 19.9288
  70.0  130.0 19.7221
  70.0  140.0 19.6333
  70.0  150.0 19.0341
  70.0  160.0 18.6704
  70.0  170.0 18.9743
  80.0 -180.0 23.3932
  80.0 -170.0 24.3044
  80.0 -160.0 25.4727
  80.0 -150.0 24.7321
  80.0 -140.0 23.4652
  80.0 -130.0 21.6540
  80.0 -120.0 20.8353
  80.0 -110.0 20.9135
  80.0 -100.0 21.3063
  80.0  -90.0 21.5728
  80.0  -80.0 21.7142
  80.0  -70.0 22.0252
  80.0  -60.0 19.3831
  80.0  -50.0 15.5232
  80.0  -40.0 11.3011
  80.0  -30.0  7.7604
  80.0  -20.0  5.1525
  80.0  -10.0  3.6177
  80.0    0.0  3.1461
  80.0   10.0  3.3346
  80.0   20.0  3.8371
  80.0   30.0  4.2051
  80.0   40.0  4.4901
  80.0   50.0  4.3114
  80.0   60.0  5.5007
  80.0   70.0  7.2395
  80.0   80.0 10.1452
  80.0   90.0 13.7840
  80.0  100.0 18.6711
  80.0  110.0 20.7091
  80.0  120.0 21.9770
  80.0  130.0 22.1688
  80.0  140.0 22.5875
  80.0  150.0 22.1776
  80.0  160.0 22.9326
  80.0  170.0 23.3306
  90.0 -180.0 27.2106
  90.0 -170.0 27.8451
  90.0 -160.0 26.9713
  90.0 -150.0 26.3288
  90.0 -140.0 24.7532
  90.0 -130.0 23.8446
  90.0 -120.0 23.8903
  90.0 -110.0 24.5013
  90.0 -100.0 25.1260
  90.0  -90.0 25.4429
  90.0  -80.0 25.8227
  90.0  -70.0 25.0838
  90.0  -60.0 20.9587
  90.0  -50.0 16.0105
  90.0  -40.0 11.7304
  90.0  -30.0  8.4686
  90.0  -20.0  6.4061
  90.0  -10.0  5.5489
  90.0    0.0  5.6022
  90.0   10.0  6.2335
  90.0   20.0  6.7770
  90.0   30.0  7.1987
  90.0   40.0  6.7998
  90.0   50.0  6.8042
  90.0   60.0  9.5640
  90.0   70.0 11.5555
  90.0   80.0 14.5091
  90.0   90.0 18.0630
  90.0  100.0 22.2924
  90.0  110.0 23.5134
  90.0  120.0 24.3424
  90.0  130.0 25.7482
  90.0  140.0 26.5990
  90.0  150.0 26.1724
  90.0  160.0 27.0191
  90.0  170.0 27.5128
 100.0 -180.0 30.7040
 100.0 -170.0 30.3062
 100.0 -160.0 26.0343
 100.0 -150.0 27.7093
 100.0 -140.0 26.8324
 100.0 -130.0 26.9669
 100.0 -120.0 27.4706
 100.0 -110.0 28.3606
 100.0 -100.0 28.9360
 100.0  -90.0 29.3751
 100.0  -80.0 30.0833
 100.0  -70.0 26.2091
 100.0  -60.0 20.5910
 100.0  -50.0 15.7106
 100.0  -40.0 12.0226
 100.0  -30.0  9.4712
 100.0  -20.0  8.2113
 100.0  -10.0  8.1617
 100.0    0.0  8.8299
 100.0   10.0  9.7193
 100.0   20.0 10.2083
 100.0   30.0 10.4468
 100.0   40.0  9.0818
 100.0   50.0 10.4854
 100.0   60.0 11.5735
 100.0   70.0 14.0913
 100.0   80.0 18.1105
 100.0   90.0 21.1988
 100.0  100.0 25.6370
 100.0  110.0 27.0325
 100.0  120.0 28.3192
 100.0  130.0 29.9923
 100.0  140.0 30.2537
 100.0  150.0 30.7572
 100.0  160.0 31.1202
 100.0  170.0 31.0830
 110.0 -180.0 32.3497
 110.0 -170.0 29.3476
 110.0 -160.0 28.8713
 110.0 -150.0 29.0732
 110.0 -140.0 29.6194
 110.0 -130.0 30.3090
 110.0 -120.0 31.5543
 110.0 -110.0 32.2808
 110.0 -100.0 32.5469
 110.0  -90.0 32.9895
 110.0  -80.0 30.4930
 110.0  -70.0 24.7166
 110.0  -60.0 19.6839
 110.0  -50.0 15.3444
 110.0  -40.0 12.5075
 110.0  -30.0 10.9876
 110.0  -20.0 10.7438
 110.0  -10.0 11.4044
 110.0    0.0 12.4920
 110.0   10.0 13.3292
 110.0   20.0 13.7685
 110.0   30.0 12.1796
 110.0   40.0 11.3996
 110.0   50.0 12.2154
 110.0   60.0 14.1501
 110.0   70.0 17.4077
 110.0   80.0 21.8790
 110.0   90.0 26.8476
 110.0  100.0 29.3564
 110.0  110.0 32.3869
 110.0  120.0 33.4504
 110.0  130.0 33.7754
 110.0  140.0 33.9969
 110.0  150.0 34.3710
 110.0  160.0 34.7877
 110.0  170.0 33.6492
 120.0 -180.0 28.2706
 120.0 -170.0 27.7701
 120.0 -160.0 29.6999
 120.0 -150.0 30.5480
 120.0 -140.0 32.1350
 120.0 -130.0 33.8615
 120.0 -120.0 35.0192
 120.0 -110.0 35.0388
 120.0 -100.0 34.9038
 120.0  -90.0 33.4233
 120.0  -80.0 27.6432
 120.0  -70.0 22.5733
 120.0  -60.0 18.3243
 120.0  -50.0 15.1990
 120.0  -40.0 13.6459
 120.0  -30.0 13.3415
 120.0  -20.0 14.0031
 120.0  -10.0 15.1001
 120.0    0.0 16.0816
 120.0   10.0 16.3920
 120.0   20.0 15.2412
 120.0   30.0 12.4951
 120.0   40.0 11.9426
 120.0   50.0 13.6497
 120.0   60.0 16.5386
 120.0   70.0 20.6424
 120.0   80.0 25.0449
 120.0   90.0 30.4428
 120.0  100.0 35.5438
 120.0  110.0 35.3570
 120.0  120.0 36.0216
 120.0  130.0 35.8034
 120.0  140.0 36.2120
 120.0  150.0 36.5839
 120.0  160.0 33.7424
 120.0  170.0 34.0281
 130.0 -180.0 27.6676
 130.0 -170.0 28.3116
 130.0 -160.0 30.0289
 130.0 -150.0 32.2158
 130.0 -140.0 35.0054
 130.0 -130.0 37.1694
 130.0 -120.0 36.4544
 130.0 -110.0 36.2357
 130.0 -100.0 36.0208
 130.0  -90.0 30.0412
 130.0  -80.0 24.5723
 130.0  -70.0 20.4110
 130.0  -60.0 17.4836
 130.0  -50.0 15.8646
 130.0  -40.0 15.6785
 130.0  -30.0 16.6779
 130.0  -20.0 17.4457
 130.0  -10.0 18.2719
 130.0    0.0 18.2969
 130.0   10.0 15.1765
 130.0   20.0 12.6785
 130.0   30.0 11.9582
 130.0   40.0 12.4935
 130.0   50.0 15.1299
 130.0   60.0 19.0275
 130.0   70.0 23.2891
 130.0   80.0 34.3082
 130.0   90.0 34.3975
 130.0  100.0 34.3113
 130.0  110.0 35.1054
 130.0  120.0 35.2766
 130.0  130.0 35.5922
 130.0  140.0 36.3116
 130.0  150.0 35.1553
 130.0  160.0 31.4148
 130.0  170.0 28.8548
 140.0 -180.0 27.2824
 140.0 -170.0 28.4596
 140.0 -160.0 30.7706
 140.0 -150.0 34.2629
 140.0 -140.0 38.0484
 140.0 -130.0 37.0027
 140.0 -120.0 36.8527
 140.0 -110.0 36.7442
 140.0 -100.0 32.0691
 140.0  -90.0 26.4975
 140.0  -80.0 22.4022
 140.0  -70.0 19.3712
 140.0  -60.0 17.6055
 140.0  -50.0 17.3868
 140.0  -40.0 18.7002
 140.0  -30.0 19.7899
 140.0  -20.0 20.0658
 140.0  -10.0 19.3234
 140.0    0.0 15.3269
 140.0   10.0 12.9293
 140.0   20.0 11.6127
 140.0   30.0 11.8221
 140.0   40.0 13.7637
 140.0   50.0 17.3335
 140.0   60.0 21.6532
 140.0   70.0 31.3945
 140.0   80.0 31.1587
 140.0   90.0 30.7950
 140.0  100.0 30.6705
 140.0  110.0 31.9357
 140.0  120.0 32.8148
 140.0  130.0 34.1117
 140.0  140.0 36.6928
 140.0  150.0 36.3702
 140.0  160.0 30.7495
 140.0  170.0 27.5399
 150.0 -180.0 27.1319
 150.0 -170.0 29.2028
 150.0 -160.0 32.4823
 150.0 -150.0 36.1279
 150.0 -140.0 36.8476
 150.0 -130.0 36.9530
 150.0 -120.0 38.0907
 150.0 -110.0 38.3035
 150.0 -100.0 28.4336
 150.0  -90.0 24.3112
 150.0  -80.0 21.3234
 150.0  -70.0 19.3991
 150.0  -60.0 18.8125
 150.0  -50.0 19.7349
 150.0  -40.0 22.3277
 150.0  -30.0 21.5298
 150.0  -20.0 18.9550
 150.0  -10.0 15.7299
 150.0    0.0 13.0233
 150.0   10.0 11.5330
 150.0   20.0 10.9828
 150.0   30.0 12.3196
 150.0   40.0 15.4608
 150.0   50.0 19.3729
 150.0   60.0 27.6523
 150.0   70.0 26.6431
 150.0   80.0 25.9725
 150.0   90.0 25.9658
 150.0  100.0 27.5351
 150.0  110.0 28.7427
 150.0  120.0 30.6581
 150.0  130.0 34.8297
 150.0  140.0 34.7690
 150.0  150.0 38.2652
 150.0  160.0 28.3884
 150.0  170.0 26.7587
 160.0 -180.0 28.2189
 160.0 -170.0 31.0185
 160.0 -160.0 35.4721
 160.0 -150.0 34.5228
 160.0 -140.0 36.3907
 160.0 -130.0 37.9436
 160.0 -120.0 39.4838
 160.0 -110.0 34.6283
 160.0 -100.0 26.4722
 160.0  -90.0 23.4157
 160.0  -80.0 21.5416
 160.0  -70.0 20.7019
 160.0  -60.0 21.1655
 160.0  -50.0 22.9923
 160.0  -40.0 23.3925
 160.0  -30.0 20.6724
 160.0  -20.0 16.8401
 160.0  -10.0 14.0190
 160.0    0.0 12.0777
 160.0   10.0 11.2304
 160.0   20.0 11.9190
 160.0   30.0 14.0364
 160.0   40.0 17.3623
 160.0   50.0 21.3777
 160.0   60.0 22.4980
 160.0   70.0 21.5372
 160.0   80.0 21.0828
 160.0   90.0 21.8882
 160.0  100.0 24.1254
 160.0  110.0 27.9835
 160.0  120.0 31.1504
 160.0  130.0 35.3255
 160.0  140.0 35.6331
 160.0  150.0 35.5370
 160.0  160.0 28.0008
 160.0  170.0 26.9964
 170.0 -180.0 30.5440
 170.0 -170.0 34.2878
 170.0 -160.0 33.2370
 170.0 -150.0 34.3830
 170.0 -140.0 37.2083
 170.0 -130.0 41.9111
 170.0 -120.0 38.6771
 170.0 -110.0 30.5678
 170.0 -100.0 26.2107
 170.0  -90.0 24.1614
 170.0  -80.0 23.1605
 170.0  -70.0 23.2649
 170.0  -60.0 24.5753
 170.0  -50.0 25.9945
 170.0  -40.0 23.6362
 170.0  -30.0 19.2012
 170.0  -20.0 16.0602
 170.0  -10.0 13.6389
 170.0    0.0 12.4330
 170.0   10.0 12.6872
 170.0   20.0 13.3341
 170.0   30.0 15.7222
 170.0   40.0 18.7741
 170.0   50.0 19.1940
 170.0   60.0 17.8862
 170.0   70.0 17.2223
 170.0   80.0 18.6003
 170.0   90.0 20.2499
 170.0  100.0 23.9254
 170.0  110.0 27.3967
 170.0  120.0 31.7990
 170.0  130.0 36.7981
 170.0  140.0 33.2596
 170.0  150.0 28.2962
 170.0  160.0 27.9544
 170.0  170.0 28.3275